ERROR 31 Jan 2012 15:15:05 - 31.01.2012: Versenden der Email mit dem Betreff 'Es liegen neue Urlaubsanträge vor' an null fehlgeschlagen.
ERROR 31 Jan 2012 15:15:05 - Could not prepare mail; nested exception is java.lang.NullPointerException
org.springframework.mail.MailPreparationException: Could not prepare mail; nested exception is java.lang.NullPointerException
	at org.springframework.mail.javamail.JavaMailSenderImpl.send(JavaMailSenderImpl.java:367)
	at org.springframework.mail.javamail.JavaMailSenderImpl.send(JavaMailSenderImpl.java:344)
	at org.synyx.urlaubsverwaltung.service.MailServiceImpl.sendEmail(MailServiceImpl.java:146)
	at org.synyx.urlaubsverwaltung.service.MailServiceImpl.sendNewApplicationNotification(MailServiceImpl.java:177)
	at org.synyx.urlaubsverwaltung.service.MailServiceImplTest.testSendNewApplicationNotification(MailServiceImplTest.java:127)
	at sun.reflect.NativeMethodAccessorImpl.invoke0(Native Method)
	at sun.reflect.NativeMethodAccessorImpl.invoke(NativeMethodAccessorImpl.java:39)
	at sun.reflect.DelegatingMethodAccessorImpl.invoke(DelegatingMethodAccessorImpl.java:25)
	at java.lang.reflect.Method.invoke(Method.java:597)
	at org.junit.runners.model.FrameworkMethod$1.runReflectiveCall(FrameworkMethod.java:44)
	at org.junit.internal.runners.model.ReflectiveCallable.run(ReflectiveCallable.java:15)
	at org.junit.runners.model.FrameworkMethod.invokeExplosively(FrameworkMethod.java:41)
	at org.junit.internal.runners.statements.InvokeMethod.evaluate(InvokeMethod.java:20)
	at org.junit.internal.runners.statements.RunBefores.evaluate(RunBefores.java:28)
	at org.junit.internal.runners.statements.RunAfters.evaluate(RunAfters.java:31)
	at org.junit.runners.BlockJUnit4ClassRunner.runNotIgnored(BlockJUnit4ClassRunner.java:79)
	at org.junit.runners.BlockJUnit4ClassRunner.runChild(BlockJUnit4ClassRunner.java:71)
	at org.junit.runners.BlockJUnit4ClassRunner.runChild(BlockJUnit4ClassRunner.java:49)
	at org.junit.runners.ParentRunner$3.run(ParentRunner.java:193)
	at org.junit.runners.ParentRunner$1.schedule(ParentRunner.java:52)
	at org.junit.runners.ParentRunner.runChildren(ParentRunner.java:191)
	at org.junit.runners.ParentRunner.access$000(ParentRunner.java:42)
	at org.junit.runners.ParentRunner$2.evaluate(ParentRunner.java:184)
	at org.junit.internal.runners.statements.RunBefores.evaluate(RunBefores.java:28)
	at org.junit.internal.runners.statements.RunAfters.evaluate(RunAfters.java:31)
	at org.junit.runners.ParentRunner.run(ParentRunner.java:236)
	at org.apache.maven.surefire.junit4.JUnit4TestSet.execute(JUnit4TestSet.java:35)
	at org.apache.maven.surefire.junit4.JUnit4Provider.executeTestSet(JUnit4Provider.java:115)
	at org.apache.maven.surefire.junit4.JUnit4Provider.invoke(JUnit4Provider.java:97)
	at sun.reflect.NativeMethodAccessorImpl.invoke0(Native Method)
	at sun.reflect.NativeMethodAccessorImpl.invoke(NativeMethodAccessorImpl.java:39)
	at sun.reflect.DelegatingMethodAccessorImpl.invoke(DelegatingMethodAccessorImpl.java:25)
	at java.lang.reflect.Method.invoke(Method.java:597)
	at org.apache.maven.surefire.booter.ProviderFactory$ClassLoaderProxy.invoke(ProviderFactory.java:103)
	at $Proxy0.invoke(Unknown Source)
	at org.apache.maven.surefire.booter.SurefireStarter.invokeProvider(SurefireStarter.java:150)
	at org.apache.maven.surefire.booter.SurefireStarter.runSuitesInProcess(SurefireStarter.java:91)
	at org.apache.maven.surefire.booter.ForkedBooter.main(ForkedBooter.java:69)
Caused by: java.lang.NullPointerException
	at javax.mail.internet.InternetAddress.parse(InternetAddress.java:673)
	at javax.mail.internet.InternetAddress.parse(InternetAddress.java:633)
	at javax.mail.internet.InternetAddress.<init>(InternetAddress.java:111)
	at org.synyx.urlaubsverwaltung.service.MailServiceImpl$1.prepare(MailServiceImpl.java:138)
	at org.springframework.mail.javamail.JavaMailSenderImpl.send(JavaMailSenderImpl.java:352)
	... 37 more
ERROR 31 Jan 2012 15:15:05 - 31.01.2012: Versenden der Email mit dem Betreff 'Antrag wurde storniert' an null fehlgeschlagen.
ERROR 31 Jan 2012 15:15:05 - Could not prepare mail; nested exception is java.lang.NullPointerException
org.springframework.mail.MailPreparationException: Could not prepare mail; nested exception is java.lang.NullPointerException
	at org.springframework.mail.javamail.JavaMailSenderImpl.send(JavaMailSenderImpl.java:367)
	at org.springframework.mail.javamail.JavaMailSenderImpl.send(JavaMailSenderImpl.java:344)
	at org.synyx.urlaubsverwaltung.service.MailServiceImpl.sendEmail(MailServiceImpl.java:146)
	at org.synyx.urlaubsverwaltung.service.MailServiceImpl.sendCancelledNotification(MailServiceImpl.java:251)
	at org.synyx.urlaubsverwaltung.service.MailServiceImplTest.testSendCancelledNotification(MailServiceImplTest.java:335)
	at sun.reflect.NativeMethodAccessorImpl.invoke0(Native Method)
	at sun.reflect.NativeMethodAccessorImpl.invoke(NativeMethodAccessorImpl.java:39)
	at sun.reflect.DelegatingMethodAccessorImpl.invoke(DelegatingMethodAccessorImpl.java:25)
	at java.lang.reflect.Method.invoke(Method.java:597)
	at org.junit.runners.model.FrameworkMethod$1.runReflectiveCall(FrameworkMethod.java:44)
	at org.junit.internal.runners.model.ReflectiveCallable.run(ReflectiveCallable.java:15)
	at org.junit.runners.model.FrameworkMethod.invokeExplosively(FrameworkMethod.java:41)
	at org.junit.internal.runners.statements.InvokeMethod.evaluate(InvokeMethod.java:20)
	at org.junit.internal.runners.statements.RunBefores.evaluate(RunBefores.java:28)
	at org.junit.internal.runners.statements.RunAfters.evaluate(RunAfters.java:31)
	at org.junit.runners.BlockJUnit4ClassRunner.runNotIgnored(BlockJUnit4ClassRunner.java:79)
	at org.junit.runners.BlockJUnit4ClassRunner.runChild(BlockJUnit4ClassRunner.java:71)
	at org.junit.runners.BlockJUnit4ClassRunner.runChild(BlockJUnit4ClassRunner.java:49)
	at org.junit.runners.ParentRunner$3.run(ParentRunner.java:193)
	at org.junit.runners.ParentRunner$1.schedule(ParentRunner.java:52)
	at org.junit.runners.ParentRunner.runChildren(ParentRunner.java:191)
	at org.junit.runners.ParentRunner.access$000(ParentRunner.java:42)
	at org.junit.runners.ParentRunner$2.evaluate(ParentRunner.java:184)
	at org.junit.internal.runners.statements.RunBefores.evaluate(RunBefores.java:28)
	at org.junit.internal.runners.statements.RunAfters.evaluate(RunAfters.java:31)
	at org.junit.runners.ParentRunner.run(ParentRunner.java:236)
	at org.apache.maven.surefire.junit4.JUnit4TestSet.execute(JUnit4TestSet.java:35)
	at org.apache.maven.surefire.junit4.JUnit4Provider.executeTestSet(JUnit4Provider.java:115)
	at org.apache.maven.surefire.junit4.JUnit4Provider.invoke(JUnit4Provider.java:97)
	at sun.reflect.NativeMethodAccessorImpl.invoke0(Native Method)
	at sun.reflect.NativeMethodAccessorImpl.invoke(NativeMethodAccessorImpl.java:39)
	at sun.reflect.DelegatingMethodAccessorImpl.invoke(DelegatingMethodAccessorImpl.java:25)
	at java.lang.reflect.Method.invoke(Method.java:597)
	at org.apache.maven.surefire.booter.ProviderFactory$ClassLoaderProxy.invoke(ProviderFactory.java:103)
	at $Proxy0.invoke(Unknown Source)
	at org.apache.maven.surefire.booter.SurefireStarter.invokeProvider(SurefireStarter.java:150)
	at org.apache.maven.surefire.booter.SurefireStarter.runSuitesInProcess(SurefireStarter.java:91)
	at org.apache.maven.surefire.booter.ForkedBooter.main(ForkedBooter.java:69)
Caused by: java.lang.NullPointerException
	at javax.mail.internet.InternetAddress.parse(InternetAddress.java:673)
	at javax.mail.internet.InternetAddress.parse(InternetAddress.java:633)
	at javax.mail.internet.InternetAddress.<init>(InternetAddress.java:111)
	at org.synyx.urlaubsverwaltung.service.MailServiceImpl$1.prepare(MailServiceImpl.java:138)
	at org.springframework.mail.javamail.JavaMailSenderImpl.send(JavaMailSenderImpl.java:352)
	... 37 more
ERROR 31 Jan 2012 15:15:34 - 31.01.2012: Versenden der Email mit dem Betreff 'Es liegen neue Urlaubsanträge vor' an null fehlgeschlagen.
ERROR 31 Jan 2012 15:15:34 - Could not prepare mail; nested exception is java.lang.NullPointerException
org.springframework.mail.MailPreparationException: Could not prepare mail; nested exception is java.lang.NullPointerException
	at org.springframework.mail.javamail.JavaMailSenderImpl.send(JavaMailSenderImpl.java:367)
	at org.springframework.mail.javamail.JavaMailSenderImpl.send(JavaMailSenderImpl.java:344)
	at org.synyx.urlaubsverwaltung.service.MailServiceImpl.sendEmail(MailServiceImpl.java:146)
	at org.synyx.urlaubsverwaltung.service.MailServiceImpl.sendNewApplicationNotification(MailServiceImpl.java:177)
	at org.synyx.urlaubsverwaltung.service.MailServiceImplTest.testSendNewApplicationNotification(MailServiceImplTest.java:127)
	at sun.reflect.NativeMethodAccessorImpl.invoke0(Native Method)
	at sun.reflect.NativeMethodAccessorImpl.invoke(NativeMethodAccessorImpl.java:39)
	at sun.reflect.DelegatingMethodAccessorImpl.invoke(DelegatingMethodAccessorImpl.java:25)
	at java.lang.reflect.Method.invoke(Method.java:597)
	at org.junit.runners.model.FrameworkMethod$1.runReflectiveCall(FrameworkMethod.java:44)
	at org.junit.internal.runners.model.ReflectiveCallable.run(ReflectiveCallable.java:15)
	at org.junit.runners.model.FrameworkMethod.invokeExplosively(FrameworkMethod.java:41)
	at org.junit.internal.runners.statements.InvokeMethod.evaluate(InvokeMethod.java:20)
	at org.junit.internal.runners.statements.RunBefores.evaluate(RunBefores.java:28)
	at org.junit.internal.runners.statements.RunAfters.evaluate(RunAfters.java:31)
	at org.junit.runners.BlockJUnit4ClassRunner.runNotIgnored(BlockJUnit4ClassRunner.java:79)
	at org.junit.runners.BlockJUnit4ClassRunner.runChild(BlockJUnit4ClassRunner.java:71)
	at org.junit.runners.BlockJUnit4ClassRunner.runChild(BlockJUnit4ClassRunner.java:49)
	at org.junit.runners.ParentRunner$3.run(ParentRunner.java:193)
	at org.junit.runners.ParentRunner$1.schedule(ParentRunner.java:52)
	at org.junit.runners.ParentRunner.runChildren(ParentRunner.java:191)
	at org.junit.runners.ParentRunner.access$000(ParentRunner.java:42)
	at org.junit.runners.ParentRunner$2.evaluate(ParentRunner.java:184)
	at org.junit.internal.runners.statements.RunBefores.evaluate(RunBefores.java:28)
	at org.junit.internal.runners.statements.RunAfters.evaluate(RunAfters.java:31)
	at org.junit.runners.ParentRunner.run(ParentRunner.java:236)
	at junit.framework.JUnit4TestAdapter.run(JUnit4TestAdapter.java:39)
	at org.apache.tools.ant.taskdefs.optional.junit.JUnitTestRunner.run(JUnitTestRunner.java:518)
	at org.apache.tools.ant.taskdefs.optional.junit.JUnitTestRunner.launch(JUnitTestRunner.java:1052)
	at org.apache.tools.ant.taskdefs.optional.junit.JUnitTestRunner.main(JUnitTestRunner.java:906)
Caused by: java.lang.NullPointerException
	at javax.mail.internet.InternetAddress.parse(InternetAddress.java:673)
	at javax.mail.internet.InternetAddress.parse(InternetAddress.java:633)
	at javax.mail.internet.InternetAddress.<init>(InternetAddress.java:111)
	at org.synyx.urlaubsverwaltung.service.MailServiceImpl$1.prepare(MailServiceImpl.java:138)
	at org.springframework.mail.javamail.JavaMailSenderImpl.send(JavaMailSenderImpl.java:352)
	... 29 more
ERROR 31 Jan 2012 15:15:34 - 31.01.2012: Versenden der Email mit dem Betreff 'Antrag wurde storniert' an null fehlgeschlagen.
ERROR 31 Jan 2012 15:15:34 - Could not prepare mail; nested exception is java.lang.NullPointerException
org.springframework.mail.MailPreparationException: Could not prepare mail; nested exception is java.lang.NullPointerException
	at org.springframework.mail.javamail.JavaMailSenderImpl.send(JavaMailSenderImpl.java:367)
	at org.springframework.mail.javamail.JavaMailSenderImpl.send(JavaMailSenderImpl.java:344)
	at org.synyx.urlaubsverwaltung.service.MailServiceImpl.sendEmail(MailServiceImpl.java:146)
	at org.synyx.urlaubsverwaltung.service.MailServiceImpl.sendCancelledNotification(MailServiceImpl.java:251)
	at org.synyx.urlaubsverwaltung.service.MailServiceImplTest.testSendCancelledNotification(MailServiceImplTest.java:335)
	at sun.reflect.NativeMethodAccessorImpl.invoke0(Native Method)
	at sun.reflect.NativeMethodAccessorImpl.invoke(NativeMethodAccessorImpl.java:39)
	at sun.reflect.DelegatingMethodAccessorImpl.invoke(DelegatingMethodAccessorImpl.java:25)
	at java.lang.reflect.Method.invoke(Method.java:597)
	at org.junit.runners.model.FrameworkMethod$1.runReflectiveCall(FrameworkMethod.java:44)
	at org.junit.internal.runners.model.ReflectiveCallable.run(ReflectiveCallable.java:15)
	at org.junit.runners.model.FrameworkMethod.invokeExplosively(FrameworkMethod.java:41)
	at org.junit.internal.runners.statements.InvokeMethod.evaluate(InvokeMethod.java:20)
	at org.junit.internal.runners.statements.RunBefores.evaluate(RunBefores.java:28)
	at org.junit.internal.runners.statements.RunAfters.evaluate(RunAfters.java:31)
	at org.junit.runners.BlockJUnit4ClassRunner.runNotIgnored(BlockJUnit4ClassRunner.java:79)
	at org.junit.runners.BlockJUnit4ClassRunner.runChild(BlockJUnit4ClassRunner.java:71)
	at org.junit.runners.BlockJUnit4ClassRunner.runChild(BlockJUnit4ClassRunner.java:49)
	at org.junit.runners.ParentRunner$3.run(ParentRunner.java:193)
	at org.junit.runners.ParentRunner$1.schedule(ParentRunner.java:52)
	at org.junit.runners.ParentRunner.runChildren(ParentRunner.java:191)
	at org.junit.runners.ParentRunner.access$000(ParentRunner.java:42)
	at org.junit.runners.ParentRunner$2.evaluate(ParentRunner.java:184)
	at org.junit.internal.runners.statements.RunBefores.evaluate(RunBefores.java:28)
	at org.junit.internal.runners.statements.RunAfters.evaluate(RunAfters.java:31)
	at org.junit.runners.ParentRunner.run(ParentRunner.java:236)
	at junit.framework.JUnit4TestAdapter.run(JUnit4TestAdapter.java:39)
	at org.apache.tools.ant.taskdefs.optional.junit.JUnitTestRunner.run(JUnitTestRunner.java:518)
	at org.apache.tools.ant.taskdefs.optional.junit.JUnitTestRunner.launch(JUnitTestRunner.java:1052)
	at org.apache.tools.ant.taskdefs.optional.junit.JUnitTestRunner.main(JUnitTestRunner.java:906)
Caused by: java.lang.NullPointerException
	at javax.mail.internet.InternetAddress.parse(InternetAddress.java:673)
	at javax.mail.internet.InternetAddress.parse(InternetAddress.java:633)
	at javax.mail.internet.InternetAddress.<init>(InternetAddress.java:111)
	at org.synyx.urlaubsverwaltung.service.MailServiceImpl$1.prepare(MailServiceImpl.java:138)
	at org.springframework.mail.javamail.JavaMailSenderImpl.send(JavaMailSenderImpl.java:352)
	... 29 more
ERROR 31 Jan 2012 15:21:46 - 31.01.2012: Versenden der Email mit dem Betreff 'Es liegen neue Urlaubsanträge vor' an null fehlgeschlagen.
ERROR 31 Jan 2012 15:21:46 - Could not prepare mail; nested exception is java.lang.NullPointerException
org.springframework.mail.MailPreparationException: Could not prepare mail; nested exception is java.lang.NullPointerException
	at org.springframework.mail.javamail.JavaMailSenderImpl.send(JavaMailSenderImpl.java:367)
	at org.springframework.mail.javamail.JavaMailSenderImpl.send(JavaMailSenderImpl.java:344)
	at org.synyx.urlaubsverwaltung.service.MailServiceImpl.sendEmail(MailServiceImpl.java:146)
	at org.synyx.urlaubsverwaltung.service.MailServiceImpl.sendNewApplicationNotification(MailServiceImpl.java:177)
	at org.synyx.urlaubsverwaltung.service.MailServiceImplTest.testSendNewApplicationNotification(MailServiceImplTest.java:127)
	at sun.reflect.NativeMethodAccessorImpl.invoke0(Native Method)
	at sun.reflect.NativeMethodAccessorImpl.invoke(NativeMethodAccessorImpl.java:39)
	at sun.reflect.DelegatingMethodAccessorImpl.invoke(DelegatingMethodAccessorImpl.java:25)
	at java.lang.reflect.Method.invoke(Method.java:597)
	at org.junit.runners.model.FrameworkMethod$1.runReflectiveCall(FrameworkMethod.java:44)
	at org.junit.internal.runners.model.ReflectiveCallable.run(ReflectiveCallable.java:15)
	at org.junit.runners.model.FrameworkMethod.invokeExplosively(FrameworkMethod.java:41)
	at org.junit.internal.runners.statements.InvokeMethod.evaluate(InvokeMethod.java:20)
	at org.junit.internal.runners.statements.RunBefores.evaluate(RunBefores.java:28)
	at org.junit.internal.runners.statements.RunAfters.evaluate(RunAfters.java:31)
	at org.junit.runners.BlockJUnit4ClassRunner.runNotIgnored(BlockJUnit4ClassRunner.java:79)
	at org.junit.runners.BlockJUnit4ClassRunner.runChild(BlockJUnit4ClassRunner.java:71)
	at org.junit.runners.BlockJUnit4ClassRunner.runChild(BlockJUnit4ClassRunner.java:49)
	at org.junit.runners.ParentRunner$3.run(ParentRunner.java:193)
	at org.junit.runners.ParentRunner$1.schedule(ParentRunner.java:52)
	at org.junit.runners.ParentRunner.runChildren(ParentRunner.java:191)
	at org.junit.runners.ParentRunner.access$000(ParentRunner.java:42)
	at org.junit.runners.ParentRunner$2.evaluate(ParentRunner.java:184)
	at org.junit.internal.runners.statements.RunBefores.evaluate(RunBefores.java:28)
	at org.junit.internal.runners.statements.RunAfters.evaluate(RunAfters.java:31)
	at org.junit.runners.ParentRunner.run(ParentRunner.java:236)
	at junit.framework.JUnit4TestAdapter.run(JUnit4TestAdapter.java:39)
	at org.apache.tools.ant.taskdefs.optional.junit.JUnitTestRunner.run(JUnitTestRunner.java:518)
	at org.apache.tools.ant.taskdefs.optional.junit.JUnitTestRunner.launch(JUnitTestRunner.java:1052)
	at org.apache.tools.ant.taskdefs.optional.junit.JUnitTestRunner.main(JUnitTestRunner.java:906)
Caused by: java.lang.NullPointerException
	at javax.mail.internet.InternetAddress.parse(InternetAddress.java:673)
	at javax.mail.internet.InternetAddress.parse(InternetAddress.java:633)
	at javax.mail.internet.InternetAddress.<init>(InternetAddress.java:111)
	at org.synyx.urlaubsverwaltung.service.MailServiceImpl$1.prepare(MailServiceImpl.java:138)
	at org.springframework.mail.javamail.JavaMailSenderImpl.send(JavaMailSenderImpl.java:352)
	... 29 more
ERROR 31 Jan 2012 15:21:46 - 31.01.2012: Versenden der Email mit dem Betreff 'Antrag wurde storniert' an null fehlgeschlagen.
ERROR 31 Jan 2012 15:21:46 - Could not prepare mail; nested exception is java.lang.NullPointerException
org.springframework.mail.MailPreparationException: Could not prepare mail; nested exception is java.lang.NullPointerException
	at org.springframework.mail.javamail.JavaMailSenderImpl.send(JavaMailSenderImpl.java:367)
	at org.springframework.mail.javamail.JavaMailSenderImpl.send(JavaMailSenderImpl.java:344)
	at org.synyx.urlaubsverwaltung.service.MailServiceImpl.sendEmail(MailServiceImpl.java:146)
	at org.synyx.urlaubsverwaltung.service.MailServiceImpl.sendCancelledNotification(MailServiceImpl.java:251)
	at org.synyx.urlaubsverwaltung.service.MailServiceImplTest.testSendCancelledNotification(MailServiceImplTest.java:335)
	at sun.reflect.NativeMethodAccessorImpl.invoke0(Native Method)
	at sun.reflect.NativeMethodAccessorImpl.invoke(NativeMethodAccessorImpl.java:39)
	at sun.reflect.DelegatingMethodAccessorImpl.invoke(DelegatingMethodAccessorImpl.java:25)
	at java.lang.reflect.Method.invoke(Method.java:597)
	at org.junit.runners.model.FrameworkMethod$1.runReflectiveCall(FrameworkMethod.java:44)
	at org.junit.internal.runners.model.ReflectiveCallable.run(ReflectiveCallable.java:15)
	at org.junit.runners.model.FrameworkMethod.invokeExplosively(FrameworkMethod.java:41)
	at org.junit.internal.runners.statements.InvokeMethod.evaluate(InvokeMethod.java:20)
	at org.junit.internal.runners.statements.RunBefores.evaluate(RunBefores.java:28)
	at org.junit.internal.runners.statements.RunAfters.evaluate(RunAfters.java:31)
	at org.junit.runners.BlockJUnit4ClassRunner.runNotIgnored(BlockJUnit4ClassRunner.java:79)
	at org.junit.runners.BlockJUnit4ClassRunner.runChild(BlockJUnit4ClassRunner.java:71)
	at org.junit.runners.BlockJUnit4ClassRunner.runChild(BlockJUnit4ClassRunner.java:49)
	at org.junit.runners.ParentRunner$3.run(ParentRunner.java:193)
	at org.junit.runners.ParentRunner$1.schedule(ParentRunner.java:52)
	at org.junit.runners.ParentRunner.runChildren(ParentRunner.java:191)
	at org.junit.runners.ParentRunner.access$000(ParentRunner.java:42)
	at org.junit.runners.ParentRunner$2.evaluate(ParentRunner.java:184)
	at org.junit.internal.runners.statements.RunBefores.evaluate(RunBefores.java:28)
	at org.junit.internal.runners.statements.RunAfters.evaluate(RunAfters.java:31)
	at org.junit.runners.ParentRunner.run(ParentRunner.java:236)
	at junit.framework.JUnit4TestAdapter.run(JUnit4TestAdapter.java:39)
	at org.apache.tools.ant.taskdefs.optional.junit.JUnitTestRunner.run(JUnitTestRunner.java:518)
	at org.apache.tools.ant.taskdefs.optional.junit.JUnitTestRunner.launch(JUnitTestRunner.java:1052)
	at org.apache.tools.ant.taskdefs.optional.junit.JUnitTestRunner.main(JUnitTestRunner.java:906)
Caused by: java.lang.NullPointerException
	at javax.mail.internet.InternetAddress.parse(InternetAddress.java:673)
	at javax.mail.internet.InternetAddress.parse(InternetAddress.java:633)
	at javax.mail.internet.InternetAddress.<init>(InternetAddress.java:111)
	at org.synyx.urlaubsverwaltung.service.MailServiceImpl$1.prepare(MailServiceImpl.java:138)
	at org.springframework.mail.javamail.JavaMailSenderImpl.send(JavaMailSenderImpl.java:352)
	... 29 more
ERROR 31 Jan 2012 15:22:38 - 31.01.2012: Versenden der Email mit dem Betreff 'Es liegen neue Urlaubsanträge vor' an null fehlgeschlagen.
ERROR 31 Jan 2012 15:22:38 - Could not prepare mail; nested exception is java.lang.NullPointerException
org.springframework.mail.MailPreparationException: Could not prepare mail; nested exception is java.lang.NullPointerException
	at org.springframework.mail.javamail.JavaMailSenderImpl.send(JavaMailSenderImpl.java:367)
	at org.springframework.mail.javamail.JavaMailSenderImpl.send(JavaMailSenderImpl.java:344)
	at org.synyx.urlaubsverwaltung.service.MailServiceImpl.sendEmail(MailServiceImpl.java:146)
	at org.synyx.urlaubsverwaltung.service.MailServiceImpl.sendNewApplicationNotification(MailServiceImpl.java:177)
	at org.synyx.urlaubsverwaltung.service.MailServiceImplTest.testSendNewApplicationNotification(MailServiceImplTest.java:127)
	at sun.reflect.NativeMethodAccessorImpl.invoke0(Native Method)
	at sun.reflect.NativeMethodAccessorImpl.invoke(NativeMethodAccessorImpl.java:39)
	at sun.reflect.DelegatingMethodAccessorImpl.invoke(DelegatingMethodAccessorImpl.java:25)
	at java.lang.reflect.Method.invoke(Method.java:597)
	at org.junit.runners.model.FrameworkMethod$1.runReflectiveCall(FrameworkMethod.java:44)
	at org.junit.internal.runners.model.ReflectiveCallable.run(ReflectiveCallable.java:15)
	at org.junit.runners.model.FrameworkMethod.invokeExplosively(FrameworkMethod.java:41)
	at org.junit.internal.runners.statements.InvokeMethod.evaluate(InvokeMethod.java:20)
	at org.junit.internal.runners.statements.RunBefores.evaluate(RunBefores.java:28)
	at org.junit.internal.runners.statements.RunAfters.evaluate(RunAfters.java:31)
	at org.junit.runners.BlockJUnit4ClassRunner.runNotIgnored(BlockJUnit4ClassRunner.java:79)
	at org.junit.runners.BlockJUnit4ClassRunner.runChild(BlockJUnit4ClassRunner.java:71)
	at org.junit.runners.BlockJUnit4ClassRunner.runChild(BlockJUnit4ClassRunner.java:49)
	at org.junit.runners.ParentRunner$3.run(ParentRunner.java:193)
	at org.junit.runners.ParentRunner$1.schedule(ParentRunner.java:52)
	at org.junit.runners.ParentRunner.runChildren(ParentRunner.java:191)
	at org.junit.runners.ParentRunner.access$000(ParentRunner.java:42)
	at org.junit.runners.ParentRunner$2.evaluate(ParentRunner.java:184)
	at org.junit.internal.runners.statements.RunBefores.evaluate(RunBefores.java:28)
	at org.junit.internal.runners.statements.RunAfters.evaluate(RunAfters.java:31)
	at org.junit.runners.ParentRunner.run(ParentRunner.java:236)
	at org.apache.tools.ant.taskdefs.optional.junit.JUnit4TestMethodAdapter.run(JUnit4TestMethodAdapter.java:109)
	at org.apache.tools.ant.taskdefs.optional.junit.JUnitTestRunner.run(JUnitTestRunner.java:518)
	at org.apache.tools.ant.taskdefs.optional.junit.JUnitTestRunner.launch(JUnitTestRunner.java:1052)
	at org.apache.tools.ant.taskdefs.optional.junit.JUnitTestRunner.main(JUnitTestRunner.java:906)
Caused by: java.lang.NullPointerException
	at javax.mail.internet.InternetAddress.parse(InternetAddress.java:673)
	at javax.mail.internet.InternetAddress.parse(InternetAddress.java:633)
	at javax.mail.internet.InternetAddress.<init>(InternetAddress.java:111)
	at org.synyx.urlaubsverwaltung.service.MailServiceImpl$1.prepare(MailServiceImpl.java:138)
	at org.springframework.mail.javamail.JavaMailSenderImpl.send(JavaMailSenderImpl.java:352)
	... 29 more
ERROR 31 Jan 2012 15:22:38 - 31.01.2012: Versenden der Email mit dem Betreff 'Antrag wurde storniert' an null fehlgeschlagen.
ERROR 31 Jan 2012 15:22:38 - Could not prepare mail; nested exception is java.lang.NullPointerException
org.springframework.mail.MailPreparationException: Could not prepare mail; nested exception is java.lang.NullPointerException
	at org.springframework.mail.javamail.JavaMailSenderImpl.send(JavaMailSenderImpl.java:367)
	at org.springframework.mail.javamail.JavaMailSenderImpl.send(JavaMailSenderImpl.java:344)
	at org.synyx.urlaubsverwaltung.service.MailServiceImpl.sendEmail(MailServiceImpl.java:146)
	at org.synyx.urlaubsverwaltung.service.MailServiceImpl.sendCancelledNotification(MailServiceImpl.java:251)
	at org.synyx.urlaubsverwaltung.service.MailServiceImplTest.testSendCancelledNotification(MailServiceImplTest.java:335)
	at sun.reflect.NativeMethodAccessorImpl.invoke0(Native Method)
	at sun.reflect.NativeMethodAccessorImpl.invoke(NativeMethodAccessorImpl.java:39)
	at sun.reflect.DelegatingMethodAccessorImpl.invoke(DelegatingMethodAccessorImpl.java:25)
	at java.lang.reflect.Method.invoke(Method.java:597)
	at org.junit.runners.model.FrameworkMethod$1.runReflectiveCall(FrameworkMethod.java:44)
	at org.junit.internal.runners.model.ReflectiveCallable.run(ReflectiveCallable.java:15)
	at org.junit.runners.model.FrameworkMethod.invokeExplosively(FrameworkMethod.java:41)
	at org.junit.internal.runners.statements.InvokeMethod.evaluate(InvokeMethod.java:20)
	at org.junit.internal.runners.statements.RunBefores.evaluate(RunBefores.java:28)
	at org.junit.internal.runners.statements.RunAfters.evaluate(RunAfters.java:31)
	at org.junit.runners.BlockJUnit4ClassRunner.runNotIgnored(BlockJUnit4ClassRunner.java:79)
	at org.junit.runners.BlockJUnit4ClassRunner.runChild(BlockJUnit4ClassRunner.java:71)
	at org.junit.runners.BlockJUnit4ClassRunner.runChild(BlockJUnit4ClassRunner.java:49)
	at org.junit.runners.ParentRunner$3.run(ParentRunner.java:193)
	at org.junit.runners.ParentRunner$1.schedule(ParentRunner.java:52)
	at org.junit.runners.ParentRunner.runChildren(ParentRunner.java:191)
	at org.junit.runners.ParentRunner.access$000(ParentRunner.java:42)
	at org.junit.runners.ParentRunner$2.evaluate(ParentRunner.java:184)
	at org.junit.internal.runners.statements.RunBefores.evaluate(RunBefores.java:28)
	at org.junit.internal.runners.statements.RunAfters.evaluate(RunAfters.java:31)
	at org.junit.runners.ParentRunner.run(ParentRunner.java:236)
	at org.apache.tools.ant.taskdefs.optional.junit.JUnit4TestMethodAdapter.run(JUnit4TestMethodAdapter.java:109)
	at org.apache.tools.ant.taskdefs.optional.junit.JUnitTestRunner.run(JUnitTestRunner.java:518)
	at org.apache.tools.ant.taskdefs.optional.junit.JUnitTestRunner.launch(JUnitTestRunner.java:1052)
	at org.apache.tools.ant.taskdefs.optional.junit.JUnitTestRunner.main(JUnitTestRunner.java:906)
Caused by: java.lang.NullPointerException
	at javax.mail.internet.InternetAddress.parse(InternetAddress.java:673)
	at javax.mail.internet.InternetAddress.parse(InternetAddress.java:633)
	at javax.mail.internet.InternetAddress.<init>(InternetAddress.java:111)
	at org.synyx.urlaubsverwaltung.service.MailServiceImpl$1.prepare(MailServiceImpl.java:138)
	at org.springframework.mail.javamail.JavaMailSenderImpl.send(JavaMailSenderImpl.java:352)
	... 29 more
ERROR 31 Jan 2012 15:23:30 - 31.01.2012: Versenden der Email mit dem Betreff 'Es liegen neue Urlaubsanträge vor' an null fehlgeschlagen.
ERROR 31 Jan 2012 15:23:30 - Could not prepare mail; nested exception is java.lang.NullPointerException
org.springframework.mail.MailPreparationException: Could not prepare mail; nested exception is java.lang.NullPointerException
	at org.springframework.mail.javamail.JavaMailSenderImpl.send(JavaMailSenderImpl.java:367)
	at org.springframework.mail.javamail.JavaMailSenderImpl.send(JavaMailSenderImpl.java:344)
	at org.synyx.urlaubsverwaltung.service.MailServiceImpl.sendEmail(MailServiceImpl.java:146)
	at org.synyx.urlaubsverwaltung.service.MailServiceImpl.sendNewApplicationNotification(MailServiceImpl.java:177)
	at org.synyx.urlaubsverwaltung.service.MailServiceImplTest.testSendNewApplicationNotification(MailServiceImplTest.java:127)
	at sun.reflect.NativeMethodAccessorImpl.invoke0(Native Method)
	at sun.reflect.NativeMethodAccessorImpl.invoke(NativeMethodAccessorImpl.java:39)
	at sun.reflect.DelegatingMethodAccessorImpl.invoke(DelegatingMethodAccessorImpl.java:25)
	at java.lang.reflect.Method.invoke(Method.java:597)
	at org.junit.runners.model.FrameworkMethod$1.runReflectiveCall(FrameworkMethod.java:44)
	at org.junit.internal.runners.model.ReflectiveCallable.run(ReflectiveCallable.java:15)
	at org.junit.runners.model.FrameworkMethod.invokeExplosively(FrameworkMethod.java:41)
	at org.junit.internal.runners.statements.InvokeMethod.evaluate(InvokeMethod.java:20)
	at org.junit.internal.runners.statements.RunBefores.evaluate(RunBefores.java:28)
	at org.junit.internal.runners.statements.RunAfters.evaluate(RunAfters.java:31)
	at org.junit.runners.BlockJUnit4ClassRunner.runNotIgnored(BlockJUnit4ClassRunner.java:79)
	at org.junit.runners.BlockJUnit4ClassRunner.runChild(BlockJUnit4ClassRunner.java:71)
	at org.junit.runners.BlockJUnit4ClassRunner.runChild(BlockJUnit4ClassRunner.java:49)
	at org.junit.runners.ParentRunner$3.run(ParentRunner.java:193)
	at org.junit.runners.ParentRunner$1.schedule(ParentRunner.java:52)
	at org.junit.runners.ParentRunner.runChildren(ParentRunner.java:191)
	at org.junit.runners.ParentRunner.access$000(ParentRunner.java:42)
	at org.junit.runners.ParentRunner$2.evaluate(ParentRunner.java:184)
	at org.junit.internal.runners.statements.RunBefores.evaluate(RunBefores.java:28)
	at org.junit.internal.runners.statements.RunAfters.evaluate(RunAfters.java:31)
	at org.junit.runners.ParentRunner.run(ParentRunner.java:236)
	at org.apache.tools.ant.taskdefs.optional.junit.JUnit4TestMethodAdapter.run(JUnit4TestMethodAdapter.java:109)
	at org.apache.tools.ant.taskdefs.optional.junit.JUnitTestRunner.run(JUnitTestRunner.java:518)
	at org.apache.tools.ant.taskdefs.optional.junit.JUnitTestRunner.launch(JUnitTestRunner.java:1052)
	at org.apache.tools.ant.taskdefs.optional.junit.JUnitTestRunner.main(JUnitTestRunner.java:906)
Caused by: java.lang.NullPointerException
	at javax.mail.internet.InternetAddress.parse(InternetAddress.java:673)
	at javax.mail.internet.InternetAddress.parse(InternetAddress.java:633)
	at javax.mail.internet.InternetAddress.<init>(InternetAddress.java:111)
	at org.synyx.urlaubsverwaltung.service.MailServiceImpl$1.prepare(MailServiceImpl.java:138)
	at org.springframework.mail.javamail.JavaMailSenderImpl.send(JavaMailSenderImpl.java:352)
	... 29 more
ERROR 31 Jan 2012 15:23:30 - 31.01.2012: Versenden der Email mit dem Betreff 'Antrag wurde storniert' an null fehlgeschlagen.
ERROR 31 Jan 2012 15:23:30 - Could not prepare mail; nested exception is java.lang.NullPointerException
org.springframework.mail.MailPreparationException: Could not prepare mail; nested exception is java.lang.NullPointerException
	at org.springframework.mail.javamail.JavaMailSenderImpl.send(JavaMailSenderImpl.java:367)
	at org.springframework.mail.javamail.JavaMailSenderImpl.send(JavaMailSenderImpl.java:344)
	at org.synyx.urlaubsverwaltung.service.MailServiceImpl.sendEmail(MailServiceImpl.java:146)
	at org.synyx.urlaubsverwaltung.service.MailServiceImpl.sendCancelledNotification(MailServiceImpl.java:251)
	at org.synyx.urlaubsverwaltung.service.MailServiceImplTest.testSendCancelledNotification(MailServiceImplTest.java:337)
	at sun.reflect.NativeMethodAccessorImpl.invoke0(Native Method)
	at sun.reflect.NativeMethodAccessorImpl.invoke(NativeMethodAccessorImpl.java:39)
	at sun.reflect.DelegatingMethodAccessorImpl.invoke(DelegatingMethodAccessorImpl.java:25)
	at java.lang.reflect.Method.invoke(Method.java:597)
	at org.junit.runners.model.FrameworkMethod$1.runReflectiveCall(FrameworkMethod.java:44)
	at org.junit.internal.runners.model.ReflectiveCallable.run(ReflectiveCallable.java:15)
	at org.junit.runners.model.FrameworkMethod.invokeExplosively(FrameworkMethod.java:41)
	at org.junit.internal.runners.statements.InvokeMethod.evaluate(InvokeMethod.java:20)
	at org.junit.internal.runners.statements.RunBefores.evaluate(RunBefores.java:28)
	at org.junit.internal.runners.statements.RunAfters.evaluate(RunAfters.java:31)
	at org.junit.runners.BlockJUnit4ClassRunner.runNotIgnored(BlockJUnit4ClassRunner.java:79)
	at org.junit.runners.BlockJUnit4ClassRunner.runChild(BlockJUnit4ClassRunner.java:71)
	at org.junit.runners.BlockJUnit4ClassRunner.runChild(BlockJUnit4ClassRunner.java:49)
	at org.junit.runners.ParentRunner$3.run(ParentRunner.java:193)
	at org.junit.runners.ParentRunner$1.schedule(ParentRunner.java:52)
	at org.junit.runners.ParentRunner.runChildren(ParentRunner.java:191)
	at org.junit.runners.ParentRunner.access$000(ParentRunner.java:42)
	at org.junit.runners.ParentRunner$2.evaluate(ParentRunner.java:184)
	at org.junit.internal.runners.statements.RunBefores.evaluate(RunBefores.java:28)
	at org.junit.internal.runners.statements.RunAfters.evaluate(RunAfters.java:31)
	at org.junit.runners.ParentRunner.run(ParentRunner.java:236)
	at org.apache.tools.ant.taskdefs.optional.junit.JUnit4TestMethodAdapter.run(JUnit4TestMethodAdapter.java:109)
	at org.apache.tools.ant.taskdefs.optional.junit.JUnitTestRunner.run(JUnitTestRunner.java:518)
	at org.apache.tools.ant.taskdefs.optional.junit.JUnitTestRunner.launch(JUnitTestRunner.java:1052)
	at org.apache.tools.ant.taskdefs.optional.junit.JUnitTestRunner.main(JUnitTestRunner.java:906)
Caused by: java.lang.NullPointerException
	at javax.mail.internet.InternetAddress.parse(InternetAddress.java:673)
	at javax.mail.internet.InternetAddress.parse(InternetAddress.java:633)
	at javax.mail.internet.InternetAddress.<init>(InternetAddress.java:111)
	at org.synyx.urlaubsverwaltung.service.MailServiceImpl$1.prepare(MailServiceImpl.java:138)
	at org.springframework.mail.javamail.JavaMailSenderImpl.send(JavaMailSenderImpl.java:352)
	... 29 more
ERROR 31 Jan 2012 15:24:08 - 31.01.2012: Versenden der Email mit dem Betreff 'Es liegen neue Urlaubsanträge vor' an null fehlgeschlagen.
ERROR 31 Jan 2012 15:24:08 - Could not prepare mail; nested exception is java.lang.NullPointerException
org.springframework.mail.MailPreparationException: Could not prepare mail; nested exception is java.lang.NullPointerException
	at org.springframework.mail.javamail.JavaMailSenderImpl.send(JavaMailSenderImpl.java:367)
	at org.springframework.mail.javamail.JavaMailSenderImpl.send(JavaMailSenderImpl.java:344)
	at org.synyx.urlaubsverwaltung.service.MailServiceImpl.sendEmail(MailServiceImpl.java:146)
	at org.synyx.urlaubsverwaltung.service.MailServiceImpl.sendNewApplicationNotification(MailServiceImpl.java:177)
	at org.synyx.urlaubsverwaltung.service.MailServiceImplTest.testSendNewApplicationNotification(MailServiceImplTest.java:127)
	at sun.reflect.NativeMethodAccessorImpl.invoke0(Native Method)
	at sun.reflect.NativeMethodAccessorImpl.invoke(NativeMethodAccessorImpl.java:39)
	at sun.reflect.DelegatingMethodAccessorImpl.invoke(DelegatingMethodAccessorImpl.java:25)
	at java.lang.reflect.Method.invoke(Method.java:597)
	at org.junit.runners.model.FrameworkMethod$1.runReflectiveCall(FrameworkMethod.java:44)
	at org.junit.internal.runners.model.ReflectiveCallable.run(ReflectiveCallable.java:15)
	at org.junit.runners.model.FrameworkMethod.invokeExplosively(FrameworkMethod.java:41)
	at org.junit.internal.runners.statements.InvokeMethod.evaluate(InvokeMethod.java:20)
	at org.junit.internal.runners.statements.RunBefores.evaluate(RunBefores.java:28)
	at org.junit.internal.runners.statements.RunAfters.evaluate(RunAfters.java:31)
	at org.junit.runners.BlockJUnit4ClassRunner.runNotIgnored(BlockJUnit4ClassRunner.java:79)
	at org.junit.runners.BlockJUnit4ClassRunner.runChild(BlockJUnit4ClassRunner.java:71)
	at org.junit.runners.BlockJUnit4ClassRunner.runChild(BlockJUnit4ClassRunner.java:49)
	at org.junit.runners.ParentRunner$3.run(ParentRunner.java:193)
	at org.junit.runners.ParentRunner$1.schedule(ParentRunner.java:52)
	at org.junit.runners.ParentRunner.runChildren(ParentRunner.java:191)
	at org.junit.runners.ParentRunner.access$000(ParentRunner.java:42)
	at org.junit.runners.ParentRunner$2.evaluate(ParentRunner.java:184)
	at org.junit.internal.runners.statements.RunBefores.evaluate(RunBefores.java:28)
	at org.junit.internal.runners.statements.RunAfters.evaluate(RunAfters.java:31)
	at org.junit.runners.ParentRunner.run(ParentRunner.java:236)
	at org.apache.tools.ant.taskdefs.optional.junit.JUnit4TestMethodAdapter.run(JUnit4TestMethodAdapter.java:109)
	at org.apache.tools.ant.taskdefs.optional.junit.JUnitTestRunner.run(JUnitTestRunner.java:518)
	at org.apache.tools.ant.taskdefs.optional.junit.JUnitTestRunner.launch(JUnitTestRunner.java:1052)
	at org.apache.tools.ant.taskdefs.optional.junit.JUnitTestRunner.main(JUnitTestRunner.java:906)
Caused by: java.lang.NullPointerException
	at javax.mail.internet.InternetAddress.parse(InternetAddress.java:673)
	at javax.mail.internet.InternetAddress.parse(InternetAddress.java:633)
	at javax.mail.internet.InternetAddress.<init>(InternetAddress.java:111)
	at org.synyx.urlaubsverwaltung.service.MailServiceImpl$1.prepare(MailServiceImpl.java:138)
	at org.springframework.mail.javamail.JavaMailSenderImpl.send(JavaMailSenderImpl.java:352)
	... 29 more
ERROR 31 Jan 2012 15:24:08 - 31.01.2012: Versenden der Email mit dem Betreff 'Antrag wurde storniert' an null fehlgeschlagen.
ERROR 31 Jan 2012 15:24:08 - Could not prepare mail; nested exception is java.lang.NullPointerException
org.springframework.mail.MailPreparationException: Could not prepare mail; nested exception is java.lang.NullPointerException
	at org.springframework.mail.javamail.JavaMailSenderImpl.send(JavaMailSenderImpl.java:367)
	at org.springframework.mail.javamail.JavaMailSenderImpl.send(JavaMailSenderImpl.java:344)
	at org.synyx.urlaubsverwaltung.service.MailServiceImpl.sendEmail(MailServiceImpl.java:146)
	at org.synyx.urlaubsverwaltung.service.MailServiceImpl.sendCancelledNotification(MailServiceImpl.java:251)
	at org.synyx.urlaubsverwaltung.service.MailServiceImplTest.testSendCancelledNotification(MailServiceImplTest.java:335)
	at sun.reflect.NativeMethodAccessorImpl.invoke0(Native Method)
	at sun.reflect.NativeMethodAccessorImpl.invoke(NativeMethodAccessorImpl.java:39)
	at sun.reflect.DelegatingMethodAccessorImpl.invoke(DelegatingMethodAccessorImpl.java:25)
	at java.lang.reflect.Method.invoke(Method.java:597)
	at org.junit.runners.model.FrameworkMethod$1.runReflectiveCall(FrameworkMethod.java:44)
	at org.junit.internal.runners.model.ReflectiveCallable.run(ReflectiveCallable.java:15)
	at org.junit.runners.model.FrameworkMethod.invokeExplosively(FrameworkMethod.java:41)
	at org.junit.internal.runners.statements.InvokeMethod.evaluate(InvokeMethod.java:20)
	at org.junit.internal.runners.statements.RunBefores.evaluate(RunBefores.java:28)
	at org.junit.internal.runners.statements.RunAfters.evaluate(RunAfters.java:31)
	at org.junit.runners.BlockJUnit4ClassRunner.runNotIgnored(BlockJUnit4ClassRunner.java:79)
	at org.junit.runners.BlockJUnit4ClassRunner.runChild(BlockJUnit4ClassRunner.java:71)
	at org.junit.runners.BlockJUnit4ClassRunner.runChild(BlockJUnit4ClassRunner.java:49)
	at org.junit.runners.ParentRunner$3.run(ParentRunner.java:193)
	at org.junit.runners.ParentRunner$1.schedule(ParentRunner.java:52)
	at org.junit.runners.ParentRunner.runChildren(ParentRunner.java:191)
	at org.junit.runners.ParentRunner.access$000(ParentRunner.java:42)
	at org.junit.runners.ParentRunner$2.evaluate(ParentRunner.java:184)
	at org.junit.internal.runners.statements.RunBefores.evaluate(RunBefores.java:28)
	at org.junit.internal.runners.statements.RunAfters.evaluate(RunAfters.java:31)
	at org.junit.runners.ParentRunner.run(ParentRunner.java:236)
	at org.apache.tools.ant.taskdefs.optional.junit.JUnit4TestMethodAdapter.run(JUnit4TestMethodAdapter.java:109)
	at org.apache.tools.ant.taskdefs.optional.junit.JUnitTestRunner.run(JUnitTestRunner.java:518)
	at org.apache.tools.ant.taskdefs.optional.junit.JUnitTestRunner.launch(JUnitTestRunner.java:1052)
	at org.apache.tools.ant.taskdefs.optional.junit.JUnitTestRunner.main(JUnitTestRunner.java:906)
Caused by: java.lang.NullPointerException
	at javax.mail.internet.InternetAddress.parse(InternetAddress.java:673)
	at javax.mail.internet.InternetAddress.parse(InternetAddress.java:633)
	at javax.mail.internet.InternetAddress.<init>(InternetAddress.java:111)
	at org.synyx.urlaubsverwaltung.service.MailServiceImpl$1.prepare(MailServiceImpl.java:138)
	at org.springframework.mail.javamail.JavaMailSenderImpl.send(JavaMailSenderImpl.java:352)
	... 29 more
ERROR 31 Jan 2012 15:24:40 - 31.01.2012: Versenden der Email mit dem Betreff 'Es liegen neue Urlaubsanträge vor' an null fehlgeschlagen.
ERROR 31 Jan 2012 15:24:40 - Could not prepare mail; nested exception is java.lang.NullPointerException
org.springframework.mail.MailPreparationException: Could not prepare mail; nested exception is java.lang.NullPointerException
	at org.springframework.mail.javamail.JavaMailSenderImpl.send(JavaMailSenderImpl.java:367)
	at org.springframework.mail.javamail.JavaMailSenderImpl.send(JavaMailSenderImpl.java:344)
	at org.synyx.urlaubsverwaltung.service.MailServiceImpl.sendEmail(MailServiceImpl.java:146)
	at org.synyx.urlaubsverwaltung.service.MailServiceImpl.sendNewApplicationNotification(MailServiceImpl.java:177)
	at org.synyx.urlaubsverwaltung.service.MailServiceImplTest.testSendNewApplicationNotification(MailServiceImplTest.java:127)
	at sun.reflect.NativeMethodAccessorImpl.invoke0(Native Method)
	at sun.reflect.NativeMethodAccessorImpl.invoke(NativeMethodAccessorImpl.java:39)
	at sun.reflect.DelegatingMethodAccessorImpl.invoke(DelegatingMethodAccessorImpl.java:25)
	at java.lang.reflect.Method.invoke(Method.java:597)
	at org.junit.runners.model.FrameworkMethod$1.runReflectiveCall(FrameworkMethod.java:44)
	at org.junit.internal.runners.model.ReflectiveCallable.run(ReflectiveCallable.java:15)
	at org.junit.runners.model.FrameworkMethod.invokeExplosively(FrameworkMethod.java:41)
	at org.junit.internal.runners.statements.InvokeMethod.evaluate(InvokeMethod.java:20)
	at org.junit.internal.runners.statements.RunBefores.evaluate(RunBefores.java:28)
	at org.junit.internal.runners.statements.RunAfters.evaluate(RunAfters.java:31)
	at org.junit.runners.BlockJUnit4ClassRunner.runNotIgnored(BlockJUnit4ClassRunner.java:79)
	at org.junit.runners.BlockJUnit4ClassRunner.runChild(BlockJUnit4ClassRunner.java:71)
	at org.junit.runners.BlockJUnit4ClassRunner.runChild(BlockJUnit4ClassRunner.java:49)
	at org.junit.runners.ParentRunner$3.run(ParentRunner.java:193)
	at org.junit.runners.ParentRunner$1.schedule(ParentRunner.java:52)
	at org.junit.runners.ParentRunner.runChildren(ParentRunner.java:191)
	at org.junit.runners.ParentRunner.access$000(ParentRunner.java:42)
	at org.junit.runners.ParentRunner$2.evaluate(ParentRunner.java:184)
	at org.junit.internal.runners.statements.RunBefores.evaluate(RunBefores.java:28)
	at org.junit.internal.runners.statements.RunAfters.evaluate(RunAfters.java:31)
	at org.junit.runners.ParentRunner.run(ParentRunner.java:236)
	at org.apache.tools.ant.taskdefs.optional.junit.JUnit4TestMethodAdapter.run(JUnit4TestMethodAdapter.java:109)
	at org.apache.tools.ant.taskdefs.optional.junit.JUnitTestRunner.run(JUnitTestRunner.java:518)
	at org.apache.tools.ant.taskdefs.optional.junit.JUnitTestRunner.launch(JUnitTestRunner.java:1052)
	at org.apache.tools.ant.taskdefs.optional.junit.JUnitTestRunner.main(JUnitTestRunner.java:906)
Caused by: java.lang.NullPointerException
	at javax.mail.internet.InternetAddress.parse(InternetAddress.java:673)
	at javax.mail.internet.InternetAddress.parse(InternetAddress.java:633)
	at javax.mail.internet.InternetAddress.<init>(InternetAddress.java:111)
	at org.synyx.urlaubsverwaltung.service.MailServiceImpl$1.prepare(MailServiceImpl.java:138)
	at org.springframework.mail.javamail.JavaMailSenderImpl.send(JavaMailSenderImpl.java:352)
	... 29 more
ERROR 31 Jan 2012 15:24:40 - 31.01.2012: Versenden der Email mit dem Betreff 'Antrag wurde storniert' an null fehlgeschlagen.
ERROR 31 Jan 2012 15:24:40 - Could not prepare mail; nested exception is java.lang.NullPointerException
org.springframework.mail.MailPreparationException: Could not prepare mail; nested exception is java.lang.NullPointerException
	at org.springframework.mail.javamail.JavaMailSenderImpl.send(JavaMailSenderImpl.java:367)
	at org.springframework.mail.javamail.JavaMailSenderImpl.send(JavaMailSenderImpl.java:344)
	at org.synyx.urlaubsverwaltung.service.MailServiceImpl.sendEmail(MailServiceImpl.java:146)
	at org.synyx.urlaubsverwaltung.service.MailServiceImpl.sendCancelledNotification(MailServiceImpl.java:251)
	at org.synyx.urlaubsverwaltung.service.MailServiceImplTest.testSendCancelledNotification(MailServiceImplTest.java:335)
	at sun.reflect.NativeMethodAccessorImpl.invoke0(Native Method)
	at sun.reflect.NativeMethodAccessorImpl.invoke(NativeMethodAccessorImpl.java:39)
	at sun.reflect.DelegatingMethodAccessorImpl.invoke(DelegatingMethodAccessorImpl.java:25)
	at java.lang.reflect.Method.invoke(Method.java:597)
	at org.junit.runners.model.FrameworkMethod$1.runReflectiveCall(FrameworkMethod.java:44)
	at org.junit.internal.runners.model.ReflectiveCallable.run(ReflectiveCallable.java:15)
	at org.junit.runners.model.FrameworkMethod.invokeExplosively(FrameworkMethod.java:41)
	at org.junit.internal.runners.statements.InvokeMethod.evaluate(InvokeMethod.java:20)
	at org.junit.internal.runners.statements.RunBefores.evaluate(RunBefores.java:28)
	at org.junit.internal.runners.statements.RunAfters.evaluate(RunAfters.java:31)
	at org.junit.runners.BlockJUnit4ClassRunner.runNotIgnored(BlockJUnit4ClassRunner.java:79)
	at org.junit.runners.BlockJUnit4ClassRunner.runChild(BlockJUnit4ClassRunner.java:71)
	at org.junit.runners.BlockJUnit4ClassRunner.runChild(BlockJUnit4ClassRunner.java:49)
	at org.junit.runners.ParentRunner$3.run(ParentRunner.java:193)
	at org.junit.runners.ParentRunner$1.schedule(ParentRunner.java:52)
	at org.junit.runners.ParentRunner.runChildren(ParentRunner.java:191)
	at org.junit.runners.ParentRunner.access$000(ParentRunner.java:42)
	at org.junit.runners.ParentRunner$2.evaluate(ParentRunner.java:184)
	at org.junit.internal.runners.statements.RunBefores.evaluate(RunBefores.java:28)
	at org.junit.internal.runners.statements.RunAfters.evaluate(RunAfters.java:31)
	at org.junit.runners.ParentRunner.run(ParentRunner.java:236)
	at org.apache.tools.ant.taskdefs.optional.junit.JUnit4TestMethodAdapter.run(JUnit4TestMethodAdapter.java:109)
	at org.apache.tools.ant.taskdefs.optional.junit.JUnitTestRunner.run(JUnitTestRunner.java:518)
	at org.apache.tools.ant.taskdefs.optional.junit.JUnitTestRunner.launch(JUnitTestRunner.java:1052)
	at org.apache.tools.ant.taskdefs.optional.junit.JUnitTestRunner.main(JUnitTestRunner.java:906)
Caused by: java.lang.NullPointerException
	at javax.mail.internet.InternetAddress.parse(InternetAddress.java:673)
	at javax.mail.internet.InternetAddress.parse(InternetAddress.java:633)
	at javax.mail.internet.InternetAddress.<init>(InternetAddress.java:111)
	at org.synyx.urlaubsverwaltung.service.MailServiceImpl$1.prepare(MailServiceImpl.java:138)
	at org.springframework.mail.javamail.JavaMailSenderImpl.send(JavaMailSenderImpl.java:352)
	... 29 more
ERROR 31 Jan 2012 15:43:43 - 31.01.2012: Versenden der Email mit dem Betreff 'Es liegen neue Urlaubsanträge vor' an null fehlgeschlagen.
ERROR 31 Jan 2012 15:43:43 - Could not prepare mail; nested exception is java.lang.NullPointerException
org.springframework.mail.MailPreparationException: Could not prepare mail; nested exception is java.lang.NullPointerException
	at org.springframework.mail.javamail.JavaMailSenderImpl.send(JavaMailSenderImpl.java:367)
	at org.springframework.mail.javamail.JavaMailSenderImpl.send(JavaMailSenderImpl.java:344)
	at org.synyx.urlaubsverwaltung.service.MailServiceImpl.sendEmail(MailServiceImpl.java:146)
	at org.synyx.urlaubsverwaltung.service.MailServiceImpl.sendNewApplicationNotification(MailServiceImpl.java:177)
	at org.synyx.urlaubsverwaltung.service.MailServiceImplTest.testSendNewApplicationNotification(MailServiceImplTest.java:127)
	at sun.reflect.NativeMethodAccessorImpl.invoke0(Native Method)
	at sun.reflect.NativeMethodAccessorImpl.invoke(NativeMethodAccessorImpl.java:39)
	at sun.reflect.DelegatingMethodAccessorImpl.invoke(DelegatingMethodAccessorImpl.java:25)
	at java.lang.reflect.Method.invoke(Method.java:597)
	at org.junit.runners.model.FrameworkMethod$1.runReflectiveCall(FrameworkMethod.java:44)
	at org.junit.internal.runners.model.ReflectiveCallable.run(ReflectiveCallable.java:15)
	at org.junit.runners.model.FrameworkMethod.invokeExplosively(FrameworkMethod.java:41)
	at org.junit.internal.runners.statements.InvokeMethod.evaluate(InvokeMethod.java:20)
	at org.junit.internal.runners.statements.RunBefores.evaluate(RunBefores.java:28)
	at org.junit.internal.runners.statements.RunAfters.evaluate(RunAfters.java:31)
	at org.junit.runners.BlockJUnit4ClassRunner.runNotIgnored(BlockJUnit4ClassRunner.java:79)
	at org.junit.runners.BlockJUnit4ClassRunner.runChild(BlockJUnit4ClassRunner.java:71)
	at org.junit.runners.BlockJUnit4ClassRunner.runChild(BlockJUnit4ClassRunner.java:49)
	at org.junit.runners.ParentRunner$3.run(ParentRunner.java:193)
	at org.junit.runners.ParentRunner$1.schedule(ParentRunner.java:52)
	at org.junit.runners.ParentRunner.runChildren(ParentRunner.java:191)
	at org.junit.runners.ParentRunner.access$000(ParentRunner.java:42)
	at org.junit.runners.ParentRunner$2.evaluate(ParentRunner.java:184)
	at org.junit.internal.runners.statements.RunBefores.evaluate(RunBefores.java:28)
	at org.junit.internal.runners.statements.RunAfters.evaluate(RunAfters.java:31)
	at org.junit.runners.ParentRunner.run(ParentRunner.java:236)
	at junit.framework.JUnit4TestAdapter.run(JUnit4TestAdapter.java:39)
	at org.apache.tools.ant.taskdefs.optional.junit.JUnitTestRunner.run(JUnitTestRunner.java:518)
	at org.apache.tools.ant.taskdefs.optional.junit.JUnitTestRunner.launch(JUnitTestRunner.java:1052)
	at org.apache.tools.ant.taskdefs.optional.junit.JUnitTestRunner.main(JUnitTestRunner.java:906)
Caused by: java.lang.NullPointerException
	at javax.mail.internet.InternetAddress.parse(InternetAddress.java:673)
	at javax.mail.internet.InternetAddress.parse(InternetAddress.java:633)
	at javax.mail.internet.InternetAddress.<init>(InternetAddress.java:111)
	at org.synyx.urlaubsverwaltung.service.MailServiceImpl$1.prepare(MailServiceImpl.java:138)
	at org.springframework.mail.javamail.JavaMailSenderImpl.send(JavaMailSenderImpl.java:352)
	... 29 more
ERROR 31 Jan 2012 15:43:43 - 31.01.2012: Versenden der Email mit dem Betreff 'Antrag wurde storniert' an null fehlgeschlagen.
ERROR 31 Jan 2012 15:43:43 - Could not prepare mail; nested exception is java.lang.NullPointerException
org.springframework.mail.MailPreparationException: Could not prepare mail; nested exception is java.lang.NullPointerException
	at org.springframework.mail.javamail.JavaMailSenderImpl.send(JavaMailSenderImpl.java:367)
	at org.springframework.mail.javamail.JavaMailSenderImpl.send(JavaMailSenderImpl.java:344)
	at org.synyx.urlaubsverwaltung.service.MailServiceImpl.sendEmail(MailServiceImpl.java:146)
	at org.synyx.urlaubsverwaltung.service.MailServiceImpl.sendCancelledNotification(MailServiceImpl.java:251)
	at org.synyx.urlaubsverwaltung.service.MailServiceImplTest.testSendCancelledNotification(MailServiceImplTest.java:335)
	at sun.reflect.NativeMethodAccessorImpl.invoke0(Native Method)
	at sun.reflect.NativeMethodAccessorImpl.invoke(NativeMethodAccessorImpl.java:39)
	at sun.reflect.DelegatingMethodAccessorImpl.invoke(DelegatingMethodAccessorImpl.java:25)
	at java.lang.reflect.Method.invoke(Method.java:597)
	at org.junit.runners.model.FrameworkMethod$1.runReflectiveCall(FrameworkMethod.java:44)
	at org.junit.internal.runners.model.ReflectiveCallable.run(ReflectiveCallable.java:15)
	at org.junit.runners.model.FrameworkMethod.invokeExplosively(FrameworkMethod.java:41)
	at org.junit.internal.runners.statements.InvokeMethod.evaluate(InvokeMethod.java:20)
	at org.junit.internal.runners.statements.RunBefores.evaluate(RunBefores.java:28)
	at org.junit.internal.runners.statements.RunAfters.evaluate(RunAfters.java:31)
	at org.junit.runners.BlockJUnit4ClassRunner.runNotIgnored(BlockJUnit4ClassRunner.java:79)
	at org.junit.runners.BlockJUnit4ClassRunner.runChild(BlockJUnit4ClassRunner.java:71)
	at org.junit.runners.BlockJUnit4ClassRunner.runChild(BlockJUnit4ClassRunner.java:49)
	at org.junit.runners.ParentRunner$3.run(ParentRunner.java:193)
	at org.junit.runners.ParentRunner$1.schedule(ParentRunner.java:52)
	at org.junit.runners.ParentRunner.runChildren(ParentRunner.java:191)
	at org.junit.runners.ParentRunner.access$000(ParentRunner.java:42)
	at org.junit.runners.ParentRunner$2.evaluate(ParentRunner.java:184)
	at org.junit.internal.runners.statements.RunBefores.evaluate(RunBefores.java:28)
	at org.junit.internal.runners.statements.RunAfters.evaluate(RunAfters.java:31)
	at org.junit.runners.ParentRunner.run(ParentRunner.java:236)
	at junit.framework.JUnit4TestAdapter.run(JUnit4TestAdapter.java:39)
	at org.apache.tools.ant.taskdefs.optional.junit.JUnitTestRunner.run(JUnitTestRunner.java:518)
	at org.apache.tools.ant.taskdefs.optional.junit.JUnitTestRunner.launch(JUnitTestRunner.java:1052)
	at org.apache.tools.ant.taskdefs.optional.junit.JUnitTestRunner.main(JUnitTestRunner.java:906)
Caused by: java.lang.NullPointerException
	at javax.mail.internet.InternetAddress.parse(InternetAddress.java:673)
	at javax.mail.internet.InternetAddress.parse(InternetAddress.java:633)
	at javax.mail.internet.InternetAddress.<init>(InternetAddress.java:111)
	at org.synyx.urlaubsverwaltung.service.MailServiceImpl$1.prepare(MailServiceImpl.java:138)
	at org.springframework.mail.javamail.JavaMailSenderImpl.send(JavaMailSenderImpl.java:352)
	... 29 more
ERROR 31 Jan 2012 15:47:48 - 31.01.2012: Versenden der Email mit dem Betreff 'Es liegen neue Urlaubsanträge vor' an null fehlgeschlagen.
ERROR 31 Jan 2012 15:47:48 - Could not prepare mail; nested exception is java.lang.NullPointerException
org.springframework.mail.MailPreparationException: Could not prepare mail; nested exception is java.lang.NullPointerException
	at org.springframework.mail.javamail.JavaMailSenderImpl.send(JavaMailSenderImpl.java:367)
	at org.springframework.mail.javamail.JavaMailSenderImpl.send(JavaMailSenderImpl.java:344)
	at org.synyx.urlaubsverwaltung.service.MailServiceImpl.sendEmail(MailServiceImpl.java:146)
	at org.synyx.urlaubsverwaltung.service.MailServiceImpl.sendNewApplicationNotification(MailServiceImpl.java:177)
	at org.synyx.urlaubsverwaltung.service.MailServiceImplTest.testSendNewApplicationNotification(MailServiceImplTest.java:129)
	at sun.reflect.NativeMethodAccessorImpl.invoke0(Native Method)
	at sun.reflect.NativeMethodAccessorImpl.invoke(NativeMethodAccessorImpl.java:39)
	at sun.reflect.DelegatingMethodAccessorImpl.invoke(DelegatingMethodAccessorImpl.java:25)
	at java.lang.reflect.Method.invoke(Method.java:597)
	at org.junit.runners.model.FrameworkMethod$1.runReflectiveCall(FrameworkMethod.java:44)
	at org.junit.internal.runners.model.ReflectiveCallable.run(ReflectiveCallable.java:15)
	at org.junit.runners.model.FrameworkMethod.invokeExplosively(FrameworkMethod.java:41)
	at org.junit.internal.runners.statements.InvokeMethod.evaluate(InvokeMethod.java:20)
	at org.junit.internal.runners.statements.RunBefores.evaluate(RunBefores.java:28)
	at org.junit.internal.runners.statements.RunAfters.evaluate(RunAfters.java:31)
	at org.junit.runners.BlockJUnit4ClassRunner.runNotIgnored(BlockJUnit4ClassRunner.java:79)
	at org.junit.runners.BlockJUnit4ClassRunner.runChild(BlockJUnit4ClassRunner.java:71)
	at org.junit.runners.BlockJUnit4ClassRunner.runChild(BlockJUnit4ClassRunner.java:49)
	at org.junit.runners.ParentRunner$3.run(ParentRunner.java:193)
	at org.junit.runners.ParentRunner$1.schedule(ParentRunner.java:52)
	at org.junit.runners.ParentRunner.runChildren(ParentRunner.java:191)
	at org.junit.runners.ParentRunner.access$000(ParentRunner.java:42)
	at org.junit.runners.ParentRunner$2.evaluate(ParentRunner.java:184)
	at org.junit.internal.runners.statements.RunBefores.evaluate(RunBefores.java:28)
	at org.junit.internal.runners.statements.RunAfters.evaluate(RunAfters.java:31)
	at org.junit.runners.ParentRunner.run(ParentRunner.java:236)
	at junit.framework.JUnit4TestAdapter.run(JUnit4TestAdapter.java:39)
	at org.apache.tools.ant.taskdefs.optional.junit.JUnitTestRunner.run(JUnitTestRunner.java:518)
	at org.apache.tools.ant.taskdefs.optional.junit.JUnitTestRunner.launch(JUnitTestRunner.java:1052)
	at org.apache.tools.ant.taskdefs.optional.junit.JUnitTestRunner.main(JUnitTestRunner.java:906)
Caused by: java.lang.NullPointerException
	at javax.mail.internet.InternetAddress.parse(InternetAddress.java:673)
	at javax.mail.internet.InternetAddress.parse(InternetAddress.java:633)
	at javax.mail.internet.InternetAddress.<init>(InternetAddress.java:111)
	at org.synyx.urlaubsverwaltung.service.MailServiceImpl$1.prepare(MailServiceImpl.java:138)
	at org.springframework.mail.javamail.JavaMailSenderImpl.send(JavaMailSenderImpl.java:352)
	... 29 more
ERROR 31 Jan 2012 15:47:48 - 31.01.2012: Versenden der Email mit dem Betreff 'Antrag wurde storniert' an null fehlgeschlagen.
ERROR 31 Jan 2012 15:47:48 - Could not prepare mail; nested exception is java.lang.NullPointerException
org.springframework.mail.MailPreparationException: Could not prepare mail; nested exception is java.lang.NullPointerException
	at org.springframework.mail.javamail.JavaMailSenderImpl.send(JavaMailSenderImpl.java:367)
	at org.springframework.mail.javamail.JavaMailSenderImpl.send(JavaMailSenderImpl.java:344)
	at org.synyx.urlaubsverwaltung.service.MailServiceImpl.sendEmail(MailServiceImpl.java:146)
	at org.synyx.urlaubsverwaltung.service.MailServiceImpl.sendCancelledNotification(MailServiceImpl.java:251)
	at org.synyx.urlaubsverwaltung.service.MailServiceImplTest.testSendCancelledNotification(MailServiceImplTest.java:337)
	at sun.reflect.NativeMethodAccessorImpl.invoke0(Native Method)
	at sun.reflect.NativeMethodAccessorImpl.invoke(NativeMethodAccessorImpl.java:39)
	at sun.reflect.DelegatingMethodAccessorImpl.invoke(DelegatingMethodAccessorImpl.java:25)
	at java.lang.reflect.Method.invoke(Method.java:597)
	at org.junit.runners.model.FrameworkMethod$1.runReflectiveCall(FrameworkMethod.java:44)
	at org.junit.internal.runners.model.ReflectiveCallable.run(ReflectiveCallable.java:15)
	at org.junit.runners.model.FrameworkMethod.invokeExplosively(FrameworkMethod.java:41)
	at org.junit.internal.runners.statements.InvokeMethod.evaluate(InvokeMethod.java:20)
	at org.junit.internal.runners.statements.RunBefores.evaluate(RunBefores.java:28)
	at org.junit.internal.runners.statements.RunAfters.evaluate(RunAfters.java:31)
	at org.junit.runners.BlockJUnit4ClassRunner.runNotIgnored(BlockJUnit4ClassRunner.java:79)
	at org.junit.runners.BlockJUnit4ClassRunner.runChild(BlockJUnit4ClassRunner.java:71)
	at org.junit.runners.BlockJUnit4ClassRunner.runChild(BlockJUnit4ClassRunner.java:49)
	at org.junit.runners.ParentRunner$3.run(ParentRunner.java:193)
	at org.junit.runners.ParentRunner$1.schedule(ParentRunner.java:52)
	at org.junit.runners.ParentRunner.runChildren(ParentRunner.java:191)
	at org.junit.runners.ParentRunner.access$000(ParentRunner.java:42)
	at org.junit.runners.ParentRunner$2.evaluate(ParentRunner.java:184)
	at org.junit.internal.runners.statements.RunBefores.evaluate(RunBefores.java:28)
	at org.junit.internal.runners.statements.RunAfters.evaluate(RunAfters.java:31)
	at org.junit.runners.ParentRunner.run(ParentRunner.java:236)
	at junit.framework.JUnit4TestAdapter.run(JUnit4TestAdapter.java:39)
	at org.apache.tools.ant.taskdefs.optional.junit.JUnitTestRunner.run(JUnitTestRunner.java:518)
	at org.apache.tools.ant.taskdefs.optional.junit.JUnitTestRunner.launch(JUnitTestRunner.java:1052)
	at org.apache.tools.ant.taskdefs.optional.junit.JUnitTestRunner.main(JUnitTestRunner.java:906)
Caused by: java.lang.NullPointerException
	at javax.mail.internet.InternetAddress.parse(InternetAddress.java:673)
	at javax.mail.internet.InternetAddress.parse(InternetAddress.java:633)
	at javax.mail.internet.InternetAddress.<init>(InternetAddress.java:111)
	at org.synyx.urlaubsverwaltung.service.MailServiceImpl$1.prepare(MailServiceImpl.java:138)
	at org.springframework.mail.javamail.JavaMailSenderImpl.send(JavaMailSenderImpl.java:352)
	... 29 more
ERROR 31 Jan 2012 15:51:12 - 31.01.2012: Versenden der Email mit dem Betreff 'Es liegen neue Urlaubsanträge vor' an null fehlgeschlagen.
ERROR 31 Jan 2012 15:51:12 - Could not prepare mail; nested exception is java.lang.NullPointerException
org.springframework.mail.MailPreparationException: Could not prepare mail; nested exception is java.lang.NullPointerException
	at org.springframework.mail.javamail.JavaMailSenderImpl.send(JavaMailSenderImpl.java:367)
	at org.springframework.mail.javamail.JavaMailSenderImpl.send(JavaMailSenderImpl.java:344)
	at org.synyx.urlaubsverwaltung.service.MailServiceImpl.sendEmail(MailServiceImpl.java:146)
	at org.synyx.urlaubsverwaltung.service.MailServiceImpl.sendNewApplicationNotification(MailServiceImpl.java:177)
	at org.synyx.urlaubsverwaltung.service.MailServiceImplTest.testSendNewApplicationNotification(MailServiceImplTest.java:129)
	at sun.reflect.NativeMethodAccessorImpl.invoke0(Native Method)
	at sun.reflect.NativeMethodAccessorImpl.invoke(NativeMethodAccessorImpl.java:39)
	at sun.reflect.DelegatingMethodAccessorImpl.invoke(DelegatingMethodAccessorImpl.java:25)
	at java.lang.reflect.Method.invoke(Method.java:597)
	at org.junit.runners.model.FrameworkMethod$1.runReflectiveCall(FrameworkMethod.java:44)
	at org.junit.internal.runners.model.ReflectiveCallable.run(ReflectiveCallable.java:15)
	at org.junit.runners.model.FrameworkMethod.invokeExplosively(FrameworkMethod.java:41)
	at org.junit.internal.runners.statements.InvokeMethod.evaluate(InvokeMethod.java:20)
	at org.junit.internal.runners.statements.RunBefores.evaluate(RunBefores.java:28)
	at org.junit.internal.runners.statements.RunAfters.evaluate(RunAfters.java:31)
	at org.junit.runners.BlockJUnit4ClassRunner.runNotIgnored(BlockJUnit4ClassRunner.java:79)
	at org.junit.runners.BlockJUnit4ClassRunner.runChild(BlockJUnit4ClassRunner.java:71)
	at org.junit.runners.BlockJUnit4ClassRunner.runChild(BlockJUnit4ClassRunner.java:49)
	at org.junit.runners.ParentRunner$3.run(ParentRunner.java:193)
	at org.junit.runners.ParentRunner$1.schedule(ParentRunner.java:52)
	at org.junit.runners.ParentRunner.runChildren(ParentRunner.java:191)
	at org.junit.runners.ParentRunner.access$000(ParentRunner.java:42)
	at org.junit.runners.ParentRunner$2.evaluate(ParentRunner.java:184)
	at org.junit.internal.runners.statements.RunBefores.evaluate(RunBefores.java:28)
	at org.junit.internal.runners.statements.RunAfters.evaluate(RunAfters.java:31)
	at org.junit.runners.ParentRunner.run(ParentRunner.java:236)
	at junit.framework.JUnit4TestAdapter.run(JUnit4TestAdapter.java:39)
	at org.apache.tools.ant.taskdefs.optional.junit.JUnitTestRunner.run(JUnitTestRunner.java:518)
	at org.apache.tools.ant.taskdefs.optional.junit.JUnitTestRunner.launch(JUnitTestRunner.java:1052)
	at org.apache.tools.ant.taskdefs.optional.junit.JUnitTestRunner.main(JUnitTestRunner.java:906)
Caused by: java.lang.NullPointerException
	at javax.mail.internet.InternetAddress.parse(InternetAddress.java:673)
	at javax.mail.internet.InternetAddress.parse(InternetAddress.java:633)
	at javax.mail.internet.InternetAddress.<init>(InternetAddress.java:111)
	at org.synyx.urlaubsverwaltung.service.MailServiceImpl$1.prepare(MailServiceImpl.java:138)
	at org.springframework.mail.javamail.JavaMailSenderImpl.send(JavaMailSenderImpl.java:352)
	... 29 more
ERROR 31 Jan 2012 15:51:12 - 31.01.2012: Versenden der Email mit dem Betreff 'Antrag wurde storniert' an null fehlgeschlagen.
ERROR 31 Jan 2012 15:51:12 - Could not prepare mail; nested exception is java.lang.NullPointerException
org.springframework.mail.MailPreparationException: Could not prepare mail; nested exception is java.lang.NullPointerException
	at org.springframework.mail.javamail.JavaMailSenderImpl.send(JavaMailSenderImpl.java:367)
	at org.springframework.mail.javamail.JavaMailSenderImpl.send(JavaMailSenderImpl.java:344)
	at org.synyx.urlaubsverwaltung.service.MailServiceImpl.sendEmail(MailServiceImpl.java:146)
	at org.synyx.urlaubsverwaltung.service.MailServiceImpl.sendCancelledNotification(MailServiceImpl.java:251)
	at org.synyx.urlaubsverwaltung.service.MailServiceImplTest.testSendCancelledNotification(MailServiceImplTest.java:337)
	at sun.reflect.NativeMethodAccessorImpl.invoke0(Native Method)
	at sun.reflect.NativeMethodAccessorImpl.invoke(NativeMethodAccessorImpl.java:39)
	at sun.reflect.DelegatingMethodAccessorImpl.invoke(DelegatingMethodAccessorImpl.java:25)
	at java.lang.reflect.Method.invoke(Method.java:597)
	at org.junit.runners.model.FrameworkMethod$1.runReflectiveCall(FrameworkMethod.java:44)
	at org.junit.internal.runners.model.ReflectiveCallable.run(ReflectiveCallable.java:15)
	at org.junit.runners.model.FrameworkMethod.invokeExplosively(FrameworkMethod.java:41)
	at org.junit.internal.runners.statements.InvokeMethod.evaluate(InvokeMethod.java:20)
	at org.junit.internal.runners.statements.RunBefores.evaluate(RunBefores.java:28)
	at org.junit.internal.runners.statements.RunAfters.evaluate(RunAfters.java:31)
	at org.junit.runners.BlockJUnit4ClassRunner.runNotIgnored(BlockJUnit4ClassRunner.java:79)
	at org.junit.runners.BlockJUnit4ClassRunner.runChild(BlockJUnit4ClassRunner.java:71)
	at org.junit.runners.BlockJUnit4ClassRunner.runChild(BlockJUnit4ClassRunner.java:49)
	at org.junit.runners.ParentRunner$3.run(ParentRunner.java:193)
	at org.junit.runners.ParentRunner$1.schedule(ParentRunner.java:52)
	at org.junit.runners.ParentRunner.runChildren(ParentRunner.java:191)
	at org.junit.runners.ParentRunner.access$000(ParentRunner.java:42)
	at org.junit.runners.ParentRunner$2.evaluate(ParentRunner.java:184)
	at org.junit.internal.runners.statements.RunBefores.evaluate(RunBefores.java:28)
	at org.junit.internal.runners.statements.RunAfters.evaluate(RunAfters.java:31)
	at org.junit.runners.ParentRunner.run(ParentRunner.java:236)
	at junit.framework.JUnit4TestAdapter.run(JUnit4TestAdapter.java:39)
	at org.apache.tools.ant.taskdefs.optional.junit.JUnitTestRunner.run(JUnitTestRunner.java:518)
	at org.apache.tools.ant.taskdefs.optional.junit.JUnitTestRunner.launch(JUnitTestRunner.java:1052)
	at org.apache.tools.ant.taskdefs.optional.junit.JUnitTestRunner.main(JUnitTestRunner.java:906)
Caused by: java.lang.NullPointerException
	at javax.mail.internet.InternetAddress.parse(InternetAddress.java:673)
	at javax.mail.internet.InternetAddress.parse(InternetAddress.java:633)
	at javax.mail.internet.InternetAddress.<init>(InternetAddress.java:111)
	at org.synyx.urlaubsverwaltung.service.MailServiceImpl$1.prepare(MailServiceImpl.java:138)
	at org.springframework.mail.javamail.JavaMailSenderImpl.send(JavaMailSenderImpl.java:352)
	... 29 more
